field = 2
year = 20
band = LF-2
nlat = 3
r bias tolerance = 0.0001
max bias search = 5.0%
using 10 realizations for testing
loading unbiased results from: mlsearch/ph2_mlsearch_f2_y20_n3_diag0_full_withpbs.npy
using full bands
using performance-based scaling

Loading existing unbiased ML search results...
Loaded 99 realizations from mlsearch/ph2_mlsearch_f2_y20_n3_diag0_full_withpbs.npy
Using 10 realizations for tolerance search
Realization indices: [0 1 2 3 4 5 6 7 8 9]

Reading data...

Finding bias tolerance for LF-2...
Baseline r mean from existing data: 0.001714
Searching for positive bias tolerance...
Applied +2.5% bias to LF-2:
  Original: (28.0, 45.0) GHz
  Biased:   (28.7, 46.1) GHz
/global/u1/v/vhoffman/reproduce_colin_results/phase2_common.py:193: RuntimeWarning: invalid value encountered in arccos
  ang = np.arccos(x * x0 + y * y0 + z * z0)
  Testing 2.5%: r_bias = 0.000003
Applied +3.8% bias to LF-2:
  Original: (28.0, 45.0) GHz
  Biased:   (29.1, 46.7) GHz
  Testing 3.8%: r_bias = 0.000177
Applied +3.1% bias to LF-2:
  Original: (28.0, 45.0) GHz
  Biased:   (28.9, 46.4) GHz
  Testing 3.1%: r_bias = 0.000097
Applied +3.4% bias to LF-2:
  Original: (28.0, 45.0) GHz
  Biased:   (29.0, 46.5) GHz
  Testing 3.4%: r_bias = 0.000238
Applied +3.3% bias to LF-2:
  Original: (28.0, 45.0) GHz
  Biased:   (28.9, 46.5) GHz
  Testing 3.3%: r_bias = 0.000127
Applied +3.2% bias to LF-2:
  Original: (28.0, 45.0) GHz
  Biased:   (28.9, 46.4) GHz
  Testing 3.2%: r_bias = 0.000105
Searching for negative bias tolerance...
Applied -2.5% bias to LF-2:
  Original: (28.0, 45.0) GHz
  Biased:   (27.3, 43.9) GHz
  Testing -2.5%: r_bias = 0.000761
Applied -1.2% bias to LF-2:
  Original: (28.0, 45.0) GHz
  Biased:   (27.7, 44.4) GHz
  Testing -1.2%: r_bias = 0.000233
Applied -0.6% bias to LF-2:
  Original: (28.0, 45.0) GHz
  Biased:   (27.8, 44.7) GHz
  Testing -0.6%: r_bias = -0.000011
Applied -0.9% bias to LF-2:
  Original: (28.0, 45.0) GHz
  Biased:   (27.7, 44.6) GHz
  Testing -0.9%: r_bias = 0.000240
Applied -0.8% bias to LF-2:
  Original: (28.0, 45.0) GHz
  Biased:   (27.8, 44.6) GHz
  Testing -0.8%: r_bias = 0.000124
Applied -0.7% bias to LF-2:
  Original: (28.0, 45.0) GHz
  Biased:   (27.8, 44.7) GHz
  Testing -0.7%: r_bias = 0.000114

Final result for LF-2: [-0.62%, +3.12%]
Results saved to bandpass_tolerance/ph2_tolerance_f2_y20_n3_diag0_full_withpbs_LF-2_rtol1e-04_nrlz10.npy
	Command being timed: "python -u bandpass_tolerance.py 2 20 LF-2 --unbiased-file mlsearch/ph2_mlsearch_f2_y20_n3_diag0_full_withpbs.npy --pbs --r-bias-tol 0.0001 --n-realizations 10"
	User time (seconds): 24299.78
	System time (seconds): 11.86
	Percent of CPU this job got: 410%
	Elapsed (wall clock) time (h:mm:ss or m:ss): 1:38:40
	Average shared text size (kbytes): 0
	Average unshared data size (kbytes): 0
	Average stack size (kbytes): 0
	Average total size (kbytes): 0
	Maximum resident set size (kbytes): 1426712
	Average resident set size (kbytes): 0
	Major (requiring I/O) page faults: 320
	Minor (reclaiming a frame) page faults: 5087635
	Voluntary context switches: 254219
	Involuntary context switches: 69181
	Swaps: 0
	File system inputs: 10
	File system outputs: 0
	Socket messages sent: 0
	Socket messages received: 0
	Signals delivered: 0
	Page size (bytes): 4096
	Exit status: 0
