field = 2
year = 20
band = LF-1
nlat = 3
r bias tolerance = 0.0001
max bias search = 5.0%
using 10 realizations for testing
loading unbiased results from: mlsearch/ph2_mlsearch_f2_y20_n3_diag0_full_withpbs.npy
using full bands
using performance-based scaling

Loading existing unbiased ML search results...
Loaded 99 realizations from mlsearch/ph2_mlsearch_f2_y20_n3_diag0_full_withpbs.npy
Using 10 realizations for tolerance search
Realization indices: [0 1 2 3 4 5 6 7 8 9]

Reading data...

Finding bias tolerance for LF-1...
Baseline r mean from existing data: 0.001714
Searching for positive bias tolerance...
Applied +2.5% bias to LF-1:
  Original: (21.5, 28.0) GHz
  Biased:   (22.0, 28.7) GHz
/global/u1/v/vhoffman/reproduce_colin_results/phase2_common.py:193: RuntimeWarning: invalid value encountered in arccos
  ang = np.arccos(x * x0 + y * y0 + z * z0)
  Testing 2.5%: r_bias = 0.000447
Applied +1.2% bias to LF-1:
  Original: (21.5, 28.0) GHz
  Biased:   (21.8, 28.3) GHz
  Testing 1.2%: r_bias = 0.000167
Applied +0.6% bias to LF-1:
  Original: (21.5, 28.0) GHz
  Biased:   (21.6, 28.2) GHz
  Testing 0.6%: r_bias = 0.000082
Applied +0.9% bias to LF-1:
  Original: (21.5, 28.0) GHz
  Biased:   (21.7, 28.3) GHz
/global/u1/v/vhoffman/reproduce_colin_results/s4bb/models.py:629: RuntimeWarning: invalid value encountered in sqrt
  np.sqrt(param[0] * param[5] * dust_ell_scale *
  Testing 0.9%: r_bias = 0.000115
Applied +0.8% bias to LF-1:
  Original: (21.5, 28.0) GHz
  Biased:   (21.7, 28.2) GHz
  Testing 0.8%: r_bias = 0.000092
Applied +0.9% bias to LF-1:
  Original: (21.5, 28.0) GHz
  Biased:   (21.7, 28.2) GHz
  Testing 0.9%: r_bias = 0.000103
Searching for negative bias tolerance...
Applied -2.5% bias to LF-1:
  Original: (21.5, 28.0) GHz
  Biased:   (21.0, 27.3) GHz
  Testing -2.5%: r_bias = -0.000060
Applied -3.8% bias to LF-1:
  Original: (21.5, 28.0) GHz
  Biased:   (20.7, 26.9) GHz
  Testing -3.8%: r_bias = 0.000059
Applied -4.4% bias to LF-1:
  Original: (21.5, 28.0) GHz
  Biased:   (20.6, 26.8) GHz
  Testing -4.4%: r_bias = 0.000462
Applied -4.1% bias to LF-1:
  Original: (21.5, 28.0) GHz
  Biased:   (20.6, 26.9) GHz
  Testing -4.1%: r_bias = 0.000052
Applied -4.2% bias to LF-1:
  Original: (21.5, 28.0) GHz
  Biased:   (20.6, 26.8) GHz
  Testing -4.2%: r_bias = 0.000064
Applied -4.3% bias to LF-1:
  Original: (21.5, 28.0) GHz
  Biased:   (20.6, 26.8) GHz
  Testing -4.3%: r_bias = 0.000074

Final result for LF-1: [-4.30%, +0.78%]
Results saved to bandpass_tolerance/ph2_tolerance_f2_y20_n3_diag0_full_withpbs_LF-1_rtol1e-04_nrlz10.npy
	Command being timed: "python -u bandpass_tolerance.py 2 20 LF-1 --unbiased-file mlsearch/ph2_mlsearch_f2_y20_n3_diag0_full_withpbs.npy --pbs --r-bias-tol 0.0001 --n-realizations 10"
	User time (seconds): 24180.77
	System time (seconds): 8.30
	Percent of CPU this job got: 412%
	Elapsed (wall clock) time (h:mm:ss or m:ss): 1:37:41
	Average shared text size (kbytes): 0
	Average unshared data size (kbytes): 0
	Average stack size (kbytes): 0
	Average total size (kbytes): 0
	Maximum resident set size (kbytes): 1428920
	Average resident set size (kbytes): 0
	Major (requiring I/O) page faults: 297
	Minor (reclaiming a frame) page faults: 4243647
	Voluntary context switches: 255136
	Involuntary context switches: 40877
	Swaps: 0
	File system inputs: 22
	File system outputs: 0
	Socket messages sent: 0
	Socket messages received: 0
	Signals delivered: 0
	Page size (bytes): 4096
	Exit status: 0
