field = 1
year = 20
nlat = 3
using full bands
using performance-based scaling
noffdiag = 0
using uniform GHz bias on all bands: +4.7 GHz
s4bb version: local files only (no git)
Applied +4.7 GHz uniform bias to all bands:
  LF-1: (21.5, 28.0) -> (26.2, 32.7) GHz
  LF-2: (28.0, 45.0) -> (32.7, 49.7) GHz
  MF1-1: (74.8, 95.2) -> (79.5, 99.9) GHz
  MF2-1: (83.6, 106.4) -> (88.3, 111.1) GHz
  MF-1: (77.0, 106.0) -> (81.7, 110.7) GHz
  MF1-2: (129.1, 161.0) -> (133.8, 165.7) GHz
  MF2-2: (138.0, 172.1) -> (142.7, 176.8) GHz
  MF-2: (128.0, 169.0) -> (132.7, 173.7) GHz
  HF-1: (198.0, 256.0) -> (202.7, 260.7) GHz
  HF-2: (256.0, 315.0) -> (260.7, 319.7) GHz
0
1
2
3
4
5
6
7
8
9
10
11
12
13
14
15
16
17
18
19
20
21
22
23
24
25
26
27
28
29
30
31
32
33
34
35
36
37
38
39
40
41
42
43
44
45
46
47
48
49
50
51
52
53
54
55
56
57
58
59
60
61
62
63
64
65
66
67
68
69
70
71
72
73
74
75
76
77
78
79
80
81
82
83
84
85
86
87
88
89
90
91
92
93
94
95
96
97
98
99
	Command being timed: "python -u phase2_mlsearch_ghz.py 1 20 --pbs --uniform-ghz-bias=4.7 --noffdiag=0"
	User time (seconds): 5549.03
	System time (seconds): 4.05
	Percent of CPU this job got: 99%
	Elapsed (wall clock) time (h:mm:ss or m:ss): 1:33:24
	Average shared text size (kbytes): 0
	Average unshared data size (kbytes): 0
	Average stack size (kbytes): 0
	Average total size (kbytes): 0
	Maximum resident set size (kbytes): 1301860
	Average resident set size (kbytes): 0
	Major (requiring I/O) page faults: 0
	Minor (reclaiming a frame) page faults: 384100
	Voluntary context switches: 65770
	Involuntary context switches: 4028
	Swaps: 0
	File system inputs: 0
	File system outputs: 0
	Socket messages sent: 0
	Socket messages received: 0
	Signals delivered: 0
	Page size (bytes): 4096
	Exit status: 0
