field = 2
year = 20
band = MF-2
nlat = 3
r bias tolerance = 0.0001
max bias search = 5.0%
using 10 realizations for testing
loading unbiased results from: mlsearch/ph2_mlsearch_f2_y20_n3_diag0_full_withpbs.npy
using full bands
using performance-based scaling

Loading existing unbiased ML search results...
Loaded 99 realizations from mlsearch/ph2_mlsearch_f2_y20_n3_diag0_full_withpbs.npy
Using 10 realizations for tolerance search
Realization indices: [0 1 2 3 4 5 6 7 8 9]

Reading data...

Finding bias tolerance for MF-2...
Baseline r mean from existing data: 0.001714
Searching for positive bias tolerance...
Applied +2.5% bias to MF-2:
  Original: (128.0, 169.0) GHz
  Biased:   (131.2, 173.2) GHz
/global/u1/v/vhoffman/reproduce_colin_results/phase2_common.py:193: RuntimeWarning: invalid value encountered in arccos
  ang = np.arccos(x * x0 + y * y0 + z * z0)
/global/u1/v/vhoffman/reproduce_colin_results/s4bb/models.py:629: RuntimeWarning: invalid value encountered in sqrt
  np.sqrt(param[0] * param[5] * dust_ell_scale *
  Testing 2.5%: r_bias = 0.010785
Applied +1.2% bias to MF-2:
  Original: (128.0, 169.0) GHz
  Biased:   (129.6, 171.1) GHz
  Testing 1.2%: r_bias = 0.002939
Applied +0.6% bias to MF-2:
  Original: (128.0, 169.0) GHz
  Biased:   (128.8, 170.1) GHz
  Testing 0.6%: r_bias = 0.001066
Applied +0.3% bias to MF-2:
  Original: (128.0, 169.0) GHz
  Biased:   (128.4, 169.5) GHz
  Testing 0.3%: r_bias = 0.000446
Applied +0.2% bias to MF-2:
  Original: (128.0, 169.0) GHz
  Biased:   (128.2, 169.3) GHz
  Testing 0.2%: r_bias = 0.000193
Applied +0.1% bias to MF-2:
  Original: (128.0, 169.0) GHz
  Biased:   (128.1, 169.1) GHz
  Testing 0.1%: r_bias = 0.000091
Searching for negative bias tolerance...
Applied -2.5% bias to MF-2:
  Original: (128.0, 169.0) GHz
  Biased:   (124.8, 164.8) GHz
  Testing -2.5%: r_bias = 0.003551
Applied -1.2% bias to MF-2:
  Original: (128.0, 169.0) GHz
  Biased:   (126.4, 166.9) GHz
  Testing -1.2%: r_bias = 0.000143
Applied -0.6% bias to MF-2:
  Original: (128.0, 169.0) GHz
  Biased:   (127.2, 167.9) GHz
  Testing -0.6%: r_bias = -0.000303
Applied -0.3% bias to MF-2:
  Original: (128.0, 169.0) GHz
  Biased:   (127.6, 168.5) GHz
  Testing -0.3%: r_bias = -0.000246
Applied -0.2% bias to MF-2:
  Original: (128.0, 169.0) GHz
  Biased:   (127.8, 168.7) GHz
  Testing -0.2%: r_bias = -0.000157
Applied -0.1% bias to MF-2:
  Original: (128.0, 169.0) GHz
  Biased:   (127.9, 168.9) GHz
  Testing -0.1%: r_bias = -0.000048

Final result for MF-2: [-0.08%, +0.08%]
Results saved to bandpass_tolerance/ph2_tolerance_f2_y20_n3_diag0_full_withpbs_MF-2_rtol1e-04_nrlz10.npy
	Command being timed: "python -u bandpass_tolerance.py 2 20 MF-2 --unbiased-file mlsearch/ph2_mlsearch_f2_y20_n3_diag0_full_withpbs.npy --pbs --r-bias-tol 0.0001 --n-realizations 10"
	User time (seconds): 24197.27
	System time (seconds): 9.37
	Percent of CPU this job got: 416%
	Elapsed (wall clock) time (h:mm:ss or m:ss): 1:36:48
	Average shared text size (kbytes): 0
	Average unshared data size (kbytes): 0
	Average stack size (kbytes): 0
	Average total size (kbytes): 0
	Maximum resident set size (kbytes): 1408864
	Average resident set size (kbytes): 0
	Major (requiring I/O) page faults: 309
	Minor (reclaiming a frame) page faults: 4184347
	Voluntary context switches: 254106
	Involuntary context switches: 74599
	Swaps: 0
	File system inputs: 24
	File system outputs: 0
	Socket messages sent: 0
	Socket messages received: 0
	Signals delivered: 0
	Page size (bytes): 4096
	Exit status: 0
