field = 2
year = 20
band = MF-1
nlat = 3
r bias tolerance = 0.0001
max bias search = 5.0%
using 10 realizations for testing
loading unbiased results from: mlsearch/ph2_mlsearch_f2_y20_n3_diag0_full_withpbs.npy
using full bands
using performance-based scaling

Loading existing unbiased ML search results...
Loaded 99 realizations from mlsearch/ph2_mlsearch_f2_y20_n3_diag0_full_withpbs.npy
Using 10 realizations for tolerance search
Realization indices: [0 1 2 3 4 5 6 7 8 9]

Reading data...

Finding bias tolerance for MF-1...
Baseline r mean from existing data: 0.001714
Searching for positive bias tolerance...
Applied +2.5% bias to MF-1:
  Original: (77.0, 106.0) GHz
  Biased:   (78.9, 108.6) GHz
/global/u1/v/vhoffman/reproduce_colin_results/phase2_common.py:193: RuntimeWarning: invalid value encountered in arccos
  ang = np.arccos(x * x0 + y * y0 + z * z0)
  Testing 2.5%: r_bias = 0.000452
Applied +1.2% bias to MF-1:
  Original: (77.0, 106.0) GHz
  Biased:   (78.0, 107.3) GHz
  Testing 1.2%: r_bias = -0.000157
Applied +0.6% bias to MF-1:
  Original: (77.0, 106.0) GHz
  Biased:   (77.5, 106.7) GHz
  Testing 0.6%: r_bias = -0.000274
Applied +0.3% bias to MF-1:
  Original: (77.0, 106.0) GHz
  Biased:   (77.2, 106.3) GHz
  Testing 0.3%: r_bias = -0.000118
Applied +0.2% bias to MF-1:
  Original: (77.0, 106.0) GHz
  Biased:   (77.1, 106.2) GHz
  Testing 0.2%: r_bias = -0.000092
Applied +0.2% bias to MF-1:
  Original: (77.0, 106.0) GHz
  Biased:   (77.2, 106.2) GHz
  Testing 0.2%: r_bias = -0.000093
Searching for negative bias tolerance...
Applied -2.5% bias to MF-1:
  Original: (77.0, 106.0) GHz
  Biased:   (75.1, 103.3) GHz
  Testing -2.5%: r_bias = 0.002631
Applied -1.2% bias to MF-1:
  Original: (77.0, 106.0) GHz
  Biased:   (76.0, 104.7) GHz
  Testing -1.2%: r_bias = 0.000932
Applied -0.6% bias to MF-1:
  Original: (77.0, 106.0) GHz
  Biased:   (76.5, 105.3) GHz
  Testing -0.6%: r_bias = 0.000364
Applied -0.3% bias to MF-1:
  Original: (77.0, 106.0) GHz
  Biased:   (76.8, 105.7) GHz
  Testing -0.3%: r_bias = 0.000163
Applied -0.2% bias to MF-1:
  Original: (77.0, 106.0) GHz
  Biased:   (76.9, 105.8) GHz
  Testing -0.2%: r_bias = 0.000076
Applied -0.2% bias to MF-1:
  Original: (77.0, 106.0) GHz
  Biased:   (76.8, 105.8) GHz
  Testing -0.2%: r_bias = 0.000117

Final result for MF-1: [-0.16%, +0.23%]
Results saved to bandpass_tolerance/ph2_tolerance_f2_y20_n3_diag0_full_withpbs_MF-1_rtol1e-04_nrlz10.npy
	Command being timed: "python -u bandpass_tolerance.py 2 20 MF-1 --unbiased-file mlsearch/ph2_mlsearch_f2_y20_n3_diag0_full_withpbs.npy --pbs --r-bias-tol 0.0001 --n-realizations 10"
	User time (seconds): 24492.66
	System time (seconds): 9.08
	Percent of CPU this job got: 415%
	Elapsed (wall clock) time (h:mm:ss or m:ss): 1:38:12
	Average shared text size (kbytes): 0
	Average unshared data size (kbytes): 0
	Average stack size (kbytes): 0
	Average total size (kbytes): 0
	Maximum resident set size (kbytes): 1418540
	Average resident set size (kbytes): 0
	Major (requiring I/O) page faults: 422
	Minor (reclaiming a frame) page faults: 4428480
	Voluntary context switches: 255923
	Involuntary context switches: 74156
	Swaps: 0
	File system inputs: 0
	File system outputs: 0
	Socket messages sent: 0
	Socket messages received: 0
	Signals delivered: 0
	Page size (bytes): 4096
	Exit status: 0
