field = 1
year = 10
nlat = 3
using full bands
using performance-based scaling
noffdiag = 0
using biased bands with 2.0% bias to HF-2
s4bb version: local files only (no git)
Applied +2.0% bias to HF-2:
  Original: (256.0, 315.0) GHz
  Biased:   (261.1, 321.3) GHz
0
1
2
3
4
5
6
7
8
9
10
11
12
13
14
15
16
17
18
19
20
21
22
23
24
25
26
27
28
29
30
31
32
33
34
35
36
37
38
39
40
41
42
43
44
45
46
47
48
49
50
51
52
53
54
55
56
57
58
59
60
61
62
63
64
65
66
67
68
69
70
71
72
73
74
75
76
77
78
79
80
81
82
83
84
85
86
87
88
89
90
91
92
93
94
95
96
97
98
99
	Command being timed: "python -u phase2_mlsearch.py 1 10 --pbs --bias-band=HF-2 --bias-percent=2.0 --noffdiag=0"
	User time (seconds): 39970.54
	System time (seconds): 4.08
	Percent of CPU this job got: 438%
	Elapsed (wall clock) time (h:mm:ss or m:ss): 2:31:52
	Average shared text size (kbytes): 0
	Average unshared data size (kbytes): 0
	Average stack size (kbytes): 0
	Average total size (kbytes): 0
	Maximum resident set size (kbytes): 1322188
	Average resident set size (kbytes): 0
	Major (requiring I/O) page faults: 697
	Minor (reclaiming a frame) page faults: 1049878
	Voluntary context switches: 342304
	Involuntary context switches: 58869
	Swaps: 0
	File system inputs: 22
	File system outputs: 0
	Socket messages sent: 0
	Socket messages received: 0
	Signals delivered: 0
	Page size (bytes): 4096
	Exit status: 0
