field = 1
year = 20
nlat = 3
using full bands
using performance-based scaling
noffdiag = 0
using uniform GHz bias on all bands: +1.5 GHz
s4bb version: local files only (no git)
Applied +1.5 GHz uniform bias to all bands:
  LF-1: (21.5, 28.0) -> (23.0, 29.5) GHz
  LF-2: (28.0, 45.0) -> (29.5, 46.5) GHz
  MF1-1: (74.8, 95.2) -> (76.3, 96.7) GHz
  MF2-1: (83.6, 106.4) -> (85.1, 107.9) GHz
  MF-1: (77.0, 106.0) -> (78.5, 107.5) GHz
  MF1-2: (129.1, 161.0) -> (130.6, 162.5) GHz
  MF2-2: (138.0, 172.1) -> (139.5, 173.6) GHz
  MF-2: (128.0, 169.0) -> (129.5, 170.5) GHz
  HF-1: (198.0, 256.0) -> (199.5, 257.5) GHz
  HF-2: (256.0, 315.0) -> (257.5, 316.5) GHz
0
1
2
3
4
5
6
7
8
9
10
11
12
13
14
15
16
17
18
19
20
21
22
23
24
25
26
27
28
29
30
31
32
33
34
35
36
37
38
39
40
41
42
43
44
45
46
47
48
49
50
51
52
53
54
55
56
57
58
59
60
61
62
63
64
65
66
67
68
69
70
71
72
73
74
75
76
77
78
79
80
81
82
83
84
85
86
87
88
89
90
91
92
93
94
95
96
97
98
99
	Command being timed: "python -u phase2_mlsearch_ghz.py 1 20 --pbs --uniform-ghz-bias=1.5 --noffdiag=0"
	User time (seconds): 4842.64
	System time (seconds): 3.93
	Percent of CPU this job got: 98%
	Elapsed (wall clock) time (h:mm:ss or m:ss): 1:21:38
	Average shared text size (kbytes): 0
	Average unshared data size (kbytes): 0
	Average stack size (kbytes): 0
	Average total size (kbytes): 0
	Maximum resident set size (kbytes): 1300304
	Average resident set size (kbytes): 0
	Major (requiring I/O) page faults: 55
	Minor (reclaiming a frame) page faults: 398186
	Voluntary context switches: 67665
	Involuntary context switches: 5284
	Swaps: 0
	File system inputs: 0
	File system outputs: 0
	Socket messages sent: 0
	Socket messages received: 0
	Signals delivered: 0
	Page size (bytes): 4096
	Exit status: 0
