field = 1
year = 20
band = HF-2
nlat = 3
r bias tolerance = 0.0001
max bias search = 5.0%
using 10 realizations for testing
loading unbiased results from: mlsearch/ph2_mlsearch_f1_y20_n3_full_withpbs_diag0_V.npy
using full bands
using performance-based scaling

Loading existing unbiased ML search results...
Loaded 100 realizations from mlsearch/ph2_mlsearch_f1_y20_n3_full_withpbs_diag0_V.npy
Using 10 realizations for tolerance search
Realization indices: [0 1 2 3 4 5 6 7 8 9]

Reading data...

Finding bias tolerance for HF-2...
Baseline r mean from existing data: 0.000264
Searching for positive bias tolerance...
Applied +2.5% bias to HF-2:
  Original: (256.0, 315.0) GHz
  Biased:   (262.4, 322.9) GHz
  Testing 2.5%: r_bias = 0.001187
Applied +1.2% bias to HF-2:
  Original: (256.0, 315.0) GHz
  Biased:   (259.2, 318.9) GHz
  Testing 1.2%: r_bias = 0.000166
Applied +0.6% bias to HF-2:
  Original: (256.0, 315.0) GHz
  Biased:   (257.6, 317.0) GHz
  Testing 0.6%: r_bias = -0.000035
Applied +0.9% bias to HF-2:
  Original: (256.0, 315.0) GHz
  Biased:   (258.4, 318.0) GHz
  Testing 0.9%: r_bias = 0.000020
Applied +1.1% bias to HF-2:
  Original: (256.0, 315.0) GHz
  Biased:   (258.8, 318.4) GHz
  Testing 1.1%: r_bias = 0.000099
Applied +1.2% bias to HF-2:
  Original: (256.0, 315.0) GHz
  Biased:   (259.0, 318.7) GHz
  Testing 1.2%: r_bias = 0.000080
Searching for negative bias tolerance...
Applied -2.5% bias to HF-2:
  Original: (256.0, 315.0) GHz
  Biased:   (249.6, 307.1) GHz
  Testing -2.5%: r_bias = 0.001635
Applied -1.2% bias to HF-2:
  Original: (256.0, 315.0) GHz
  Biased:   (252.8, 311.1) GHz
/global/u1/v/vhoffman/reproduce_colin_results/s4bb/models.py:629: RuntimeWarning: invalid value encountered in sqrt
  np.sqrt(param[0] * param[5] * dust_ell_scale *
  Testing -1.2%: r_bias = 0.000458
Applied -0.6% bias to HF-2:
  Original: (256.0, 315.0) GHz
  Biased:   (254.4, 313.0) GHz
  Testing -0.6%: r_bias = 0.000154
Applied -0.3% bias to HF-2:
  Original: (256.0, 315.0) GHz
  Biased:   (255.2, 314.0) GHz
  Testing -0.3%: r_bias = 0.000030
Applied -0.5% bias to HF-2:
  Original: (256.0, 315.0) GHz
  Biased:   (254.8, 313.5) GHz
  Testing -0.5%: r_bias = 0.000079
Applied -0.5% bias to HF-2:
  Original: (256.0, 315.0) GHz
  Biased:   (254.6, 313.3) GHz
  Testing -0.5%: r_bias = 0.000102

Final result for HF-2: [-0.47%, +1.17%]
Results saved to bandpass_tolerance/ph2_tolerance_f1_y20_n3_diag0_full_withpbs_HF-2_rtol1e-04_nrlz10.npy
	Command being timed: "python -u bandpass_tolerance.py 1 20 HF-2 --unbiased-file mlsearch/ph2_mlsearch_f1_y20_n3_full_withpbs_diag0_V.npy --pbs --r-bias-tol 0.0001 --n-realizations 10"
	User time (seconds): 41896.42
	System time (seconds): 10.89
	Percent of CPU this job got: 451%
	Elapsed (wall clock) time (h:mm:ss or m:ss): 2:34:40
	Average shared text size (kbytes): 0
	Average unshared data size (kbytes): 0
	Average stack size (kbytes): 0
	Average total size (kbytes): 0
	Maximum resident set size (kbytes): 1429184
	Average resident set size (kbytes): 0
	Major (requiring I/O) page faults: 361
	Minor (reclaiming a frame) page faults: 4976916
	Voluntary context switches: 385507
	Involuntary context switches: 117467
	Swaps: 0
	File system inputs: 0
	File system outputs: 0
	Socket messages sent: 0
	Socket messages received: 0
	Signals delivered: 0
	Page size (bytes): 4096
	Exit status: 0
